Switched to a new branch 'gitbook'
M	SUMMARY.md
On branch gitbook
Changes not staged for commit:
  (use "git add <file>..." to update what will be committed)
  (use "git checkout -- <file>..." to discard changes in working directory)

	modified:   SUMMARY.md

Untracked files:
  (use "git add <file>..." to include in what will be committed)

	travis_wait_127.log

no changes added to commit (use "git add" and/or "git commit -a")
[gitbook 729c0e5] [Travis] Update SUMMARY.md
 2 files changed, 20 insertions(+), 99 deletions(-)
 rewrite SUMMARY.md (99%)
 create mode 100644 travis_wait_127.log
To https://github.com/wenshiguo/road-dev.git
 + df61981...729c0e5 gitbook -> gitbook (forced update)
Installing GitBook 3.2.3
gitbook@3.2.3 ../../../../../tmp/tmp-3506Gt8JUBZa4ewJ/node_modules/gitbook
├── escape-string-regexp@1.0.5
├── escape-html@1.0.3
├── ignore@3.1.2
├── destroy@1.0.4
├── bash-color@0.0.4
├── gitbook-plugin-livereload@0.0.1
├── cp@0.2.0
├── graceful-fs@4.1.4
├── github-slugid@1.0.1
├── nunjucks-do@1.0.0
├── direction@0.1.5
├── q@1.4.1
├── spawn-cmd@0.0.2
├── gitbook-plugin-fontsettings@2.0.0
├── open@0.0.5
├── is@3.2.1
├── object-path@0.9.2
├── extend@3.0.1
├── json-schema-defaults@0.1.1
├── gitbook-plugin-search@2.2.1
├── jsonschema@1.1.0
├── crc@3.4.0
├── urijs@1.18.0
├── semver@5.1.0
├── immutable@3.8.2
├── front-matter@2.3.0
├── dom-serializer@0.1.0 (domelementtype@1.1.3, entities@1.1.1)
├── omit-keys@0.1.0 (array-difference@0.0.1, isobject@0.2.0)
├── error@7.0.2 (string-template@0.2.1, xtend@4.0.1)
├── tmp@0.0.28 (os-tmpdir@1.0.2)
├── npmi@2.0.1 (semver@4.3.6)
├── send@0.13.2 (fresh@0.3.0, range-parser@1.0.3, statuses@1.2.1, etag@1.7.0, ms@0.7.1, depd@1.1.2, mime@1.3.4, debug@2.2.0, http-errors@1.3.1, on-finished@2.3.0)
├── mkdirp@0.5.1 (minimist@0.0.8)
├── rmdir@1.2.0 (node.flow@1.2.3)
├── resolve@1.1.7
├── fresh-require@1.0.3 (is-require@0.0.1, shallow-copy@0.0.1, sleuth@0.1.1, astw@1.3.0, through2@0.6.5, escodegen@1.9.1, acorn@0.9.0)
├── cpr@1.1.1 (rimraf@2.4.5)
├── js-yaml@3.11.0 (esprima@4.0.0, argparse@1.0.10)
├── gitbook-plugin-theme-default@1.0.7
├── tiny-lr@0.2.1 (parseurl@1.3.2, livereload-js@2.3.0, qs@5.1.0, debug@2.2.0, body-parser@1.14.2, faye-websocket@0.10.0)
├── read-installed@4.0.3 (debuglog@1.0.1, util-extend@1.0.3, slide@1.1.6, readdir-scoped-modules@1.0.2, read-package-json@2.0.13)
├── gitbook-plugin-lunr@1.2.0 (html-entities@1.2.0, lunr@0.5.12)
├── chokidar@1.5.0 (path-is-absolute@1.0.1, inherits@2.0.3, async-each@1.0.1, glob-parent@2.0.0, is-glob@2.0.1, is-binary-path@1.0.1, readdirp@2.1.0, anymatch@1.3.2)
├── nunjucks@2.5.2 (asap@2.0.6, yargs@3.32.0, chokidar@1.7.0)
├── gitbook-plugin-highlight@2.0.2 (highlight.js@9.2.0)
├── moment@2.13.0
├── gitbook-plugin-sharing@1.0.2 (lodash@3.10.1)
├── juice@2.0.0 (deep-extend@0.4.2, slick@1.12.2, batch@0.5.3, cssom@0.3.1, commander@2.9.0, cross-spawn-async@2.2.5, web-resource-inliner@2.0.0)
├── i18n-t@1.0.1 (lodash@4.17.5)
├── gitbook-asciidoc@1.2.2 (gitbook-html@1.3.3, asciidoctor.js@1.5.5-1, lodash@4.17.5)
├── cheerio@0.20.0 (entities@1.1.1, css-select@1.2.0, htmlparser2@3.8.3, jsdom@7.2.2, lodash@4.17.5)
├── gitbook-markdown@1.3.2 (kramed-text-renderer@0.2.1, gitbook-html@1.3.3, kramed@0.5.6, lodash@4.17.5)
├── request@2.72.0 (aws-sign2@0.6.0, tunnel-agent@0.4.3, forever-agent@0.6.1, oauth-sign@0.8.2, is-typedarray@1.0.0, caseless@0.11.0, stringstream@0.0.5, aws4@1.6.0, isstream@0.1.2, json-stringify-safe@5.0.1, tough-cookie@2.2.2, node-uuid@1.4.8, qs@6.1.2, combined-stream@1.0.6, mime-types@2.1.18, hawk@3.1.3, bl@1.1.2, http-signature@1.1.1, har-validator@2.0.6, form-data@1.0.1)
└── npm@3.9.2
[0;36minfo:[0m installing 4 plugins using npm@3.9.2 
[0;36minfo:[0m  
[0;36minfo:[0m installing plugin "toggle-chapters" 
[0;36minfo:[0m install plugin "toggle-chapters" (*) from NPM with version 0.0.3 
/home/travis/build/wenshiguo/articles
└── gitbook-plugin-toggle-chapters@0.0.3 

[0;36minfo:[0m [0;32m>> [0mplugin "toggle-chapters" installed with success 
[0;36minfo:[0m  
[0;36minfo:[0m installing plugin "theme-comscore" 
[0;36minfo:[0m install plugin "theme-comscore" (*) from NPM with version 0.0.3 
/home/travis/build/wenshiguo/articles
├── gitbook-plugin-theme-comscore@0.0.3 
└── gitbook-plugin-toggle-chapters@0.0.3 

[0;36minfo:[0m [0;32m>> [0mplugin "theme-comscore" installed with success 
[0;36minfo:[0m  
[0;36minfo:[0m installing plugin "splitter" 
[0;36minfo:[0m install plugin "splitter" (*) from NPM with version 0.0.8 
/home/travis/build/wenshiguo/articles
├── gitbook-plugin-splitter@0.0.8 
├── gitbook-plugin-theme-comscore@0.0.3 
└── gitbook-plugin-toggle-chapters@0.0.3 

[0;36minfo:[0m [0;32m>> [0mplugin "splitter" installed with success 
[0;36minfo:[0m  
[0;36minfo:[0m installing plugin "search" 
[0;36minfo:[0m install plugin "search" (*) from NPM with version 2.2.1 
/home/travis/build/wenshiguo/articles
├── gitbook-plugin-search@2.2.1 
├── gitbook-plugin-splitter@0.0.8 
├── gitbook-plugin-theme-comscore@0.0.3 
└── gitbook-plugin-toggle-chapters@0.0.3 

[0;36minfo:[0m [0;32m>> [0mplugin "search" installed with success 
[0;36minfo:[0m 10 plugins are installed 
[0;36minfo:[0m 9 explicitly listed 
[0;36minfo:[0m loading plugin "toggle-chapters"... [0;32mOK[0m 
[0;36minfo:[0m loading plugin "splitter"... [0;32mOK[0m 
[0;36minfo:[0m loading plugin "search"... [0;32mOK[0m 
[0;36minfo:[0m loading plugin "highlight"... [0;32mOK[0m 
[0;36minfo:[0m loading plugin "lunr"... [0;32mOK[0m 
[0;36minfo:[0m loading plugin "fontsettings"... [0;32mOK[0m 
[0;36minfo:[0m loading plugin "theme-comscore"... [0;32mOK[0m 
[0;36minfo:[0m loading plugin "theme-default"... [0;32mOK[0m 
[0;36minfo:[0m found 3 pages 
[0;36minfo:[0m found 4 asset files 
init!
